2026-07-19T18:42:07.443316Z  INFO main bacon_ls::lsp: src/lsp.rs:22: initializing bacon-ls v0.29.0
2026-07-19T18:42:07.443351Z DEBUG main bacon_ls::lsp: src/lsp.rs:23: initializing with input parameters: InitializeParams {
    process_id: Some(
        366928,
    ),
    root_path: Some(
        "/home/_/projects/gamesteam",
    ),
    root_uri: Some(
        Uri(
            Uri {
                scheme: "file",
                authority: Some(
                    Authority {
                        userinfo: None,
                        host: "",
                        host_parsed: RegName(
                            "",
                        ),
                        port: None,
                    },
                ),
                path: "/home/_/projects/gamesteam",
                query: None,
                fragment: None,
            },
        ),
    ),
    initialization_options: None,
    capabilities: ClientCapabilities {
        workspace: Some(
            WorkspaceClientCapabilities {
                apply_edit: Some(
                    true,
                ),
                workspace_edit: Some(
                    WorkspaceEditClientCapabilities {
                        document_changes: Some(
                            true,
                        ),
                        resource_operations: Some(
                            [
                                Create,
                                Rename,
                                Delete,
                            ],
                        ),
                        failure_handling: Some(
                            TextOnlyTransactional,
                        ),
                        normalizes_line_endings: Some(
                            true,
                        ),
                        change_annotation_support: Some(
                            ChangeAnnotationWorkspaceEditClientCapabilities {
                                groups_on_label: Some(
                                    true,
                                ),
                            },
                        ),
                    },
                ),
                did_change_configuration: Some(
                    DynamicRegistrationClientCapabilities {
                        dynamic_registration: Some(
                            true,
                        ),
                    },
                ),
                did_change_watched_files: Some(
                    DidChangeWatchedFilesClientCapabilities {
                        dynamic_registration: Some(
                            true,
                        ),
                        relative_pattern_support: Some(
                            true,
                        ),
                    },
                ),
                symbol: Some(
                    WorkspaceSymbolClientCapabilities {
                        dynamic_registration: Some(
                            true,
                        ),
                        symbol_kind: Some(
                            SymbolKindCapability {
                                value_set: Some(
                                    [
                                        File,
                                        Module,
                                        Namespace,
                                        Package,
                                        Class,
                                        Method,
                                        Property,
                                        Field,
                                        Constructor,
                                        Enum,
                                        Interface,
                                        Function,
                                        Variable,
                                        Constant,
                                        String,
                                        Number,
                                        Boolean,
                                        Array,
                                        Object,
                                        Key,
                                        Null,
                                        EnumMember,
                                        Struct,
                                        Event,
                                        Operator,
                                        TypeParameter,
                                    ],
                                ),
                            },
                        ),
                        tag_support: Some(
                            TagSupport {
                                value_set: [
                                    Deprecated,
                                ],
                            },
                        ),
                        resolve_support: Some(
                            WorkspaceSymbolResolveSupportCapability {
                                properties: [
                                    "location.range",
                                ],
                            },
                        ),
                    },
                ),
                execute_command: Some(
                    DynamicRegistrationClientCapabilities {
                        dynamic_registration: Some(
                            true,
                        ),
                    },
                ),
                workspace_folders: Some(
                    true,
                ),
                configuration: Some(
                    true,
                ),
                semantic_tokens: Some(
                    SemanticTokensWorkspaceClientCapabilities {
                        refresh_support: Some(
                            true,
                        ),
                    },
                ),
                code_lens: Some(
                    CodeLensWorkspaceClientCapabilities {
                        refresh_support: Some(
                            true,
                        ),
                    },
                ),
                file_operations: Some(
                    WorkspaceFileOperationsClientCapabilities {
                        dynamic_registration: Some(
                            true,
                        ),
                        did_create: Some(
                            true,
                        ),
                        will_create: Some(
                            true,
                        ),
                        did_rename: Some(
                            true,
                        ),
                        will_rename: Some(
                            true,
                        ),
                        did_delete: Some(
                            true,
                        ),
                        will_delete: Some(
                            true,
                        ),
                    },
                ),
                inline_value: Some(
                    InlineValueWorkspaceClientCapabilities {
                        refresh_support: Some(
                            true,
                        ),
                    },
                ),
                inlay_hint: Some(
                    InlayHintWorkspaceClientCapabilities {
                        refresh_support: Some(
                            true,
                        ),
                    },
                ),
                diagnostics: Some(
                    DiagnosticWorkspaceClientCapabilities {
                        refresh_support: Some(
                            true,
                        ),
                    },
                ),
            },
        ),
        text_document: Some(
            TextDocumentClientCapabilities {
                synchronization: Some(
                    TextDocumentSyncClientCapabilities {
                        dynamic_registration: Some(
                            true,
                        ),
                        will_save: Some(
                            true,
                        ),
                        will_save_wait_until: Some(
                            true,
                        ),
                        did_save: Some(
                            true,
                        ),
                    },
                ),
                completion: Some(
                    CompletionClientCapabilities {
                        dynamic_registration: Some(
                            true,
                        ),
                        completion_item: Some(
                            CompletionItemCapability {
                                snippet_support: Some(
                                    true,
                                ),
                                commit_characters_support: Some(
                                    true,
                                ),
                                documentation_format: Some(
                                    [
                                        Markdown,
                                        PlainText,
                                    ],
                                ),
                                deprecated_support: Some(
                                    true,
                                ),
                                preselect_support: Some(
                                    true,
                                ),
                                tag_support: Some(
                                    TagSupport {
                                        value_set: [
                                            Deprecated,
                                        ],
                                    },
                                ),
                                insert_replace_support: Some(
                                    true,
                                ),
                                resolve_support: Some(
                                    CompletionItemCapabilityResolveSupport {
                                        properties: [
                                            "documentation",
                                            "detail",
                                            "additionalTextEdits",
                                        ],
                                    },
                                ),
                                insert_text_mode_support: Some(
                                    InsertTextModeSupport {
                                        value_set: [
                                            AsIs,
                                            AdjustIndentation,
                                        ],
                                    },
                                ),
                                label_details_support: Some(
                                    true,
                                ),
                            },
                        ),
                        completion_item_kind: Some(
                            CompletionItemKindCapability {
                                value_set: Some(
                                    [
                                        Text,
                                        Method,
                                        Function,
                                        Constructor,
                                        Field,
                                        Variable,
                                        Class,
                                        Interface,
                                        Module,
                                        Property,
                                        Unit,
                                        Value,
                                        Enum,
                                        Keyword,
                                        Snippet,
                                        Color,
                                        File,
                                        Reference,
                                        Folder,
                                        EnumMember,
                                        Constant,
                                        Struct,
                                        Event,
                                        Operator,
                                        TypeParameter,
                                    ],
                                ),
                            },
                        ),
                        context_support: Some(
                            true,
                        ),
                        insert_text_mode: Some(
                            AdjustIndentation,
                        ),
                        completion_list: Some(
                            CompletionListCapability {
                                item_defaults: Some(
                                    [
                                        "commitCharacters",
                                        "editRange",
                                        "insertTextFormat",
                                        "insertTextMode",
                                        "data",
                                    ],
                                ),
                            },
                        ),
                    },
                ),
                hover: Some(
                    HoverClientCapabilities {
                        dynamic_registration: Some(
                            true,
                        ),
                        content_format: Some(
                            [
                                Markdown,
                                PlainText,
                            ],
                        ),
                    },
                ),
                signature_help: Some(
                    SignatureHelpClientCapabilities {
                        dynamic_registration: Some(
                            true,
                        ),
                        signature_information: Some(
                            SignatureInformationSettings {
                                documentation_format: Some(
                                    [
                                        Markdown,
                                        PlainText,
                                    ],
                                ),
                                parameter_information: Some(
                                    ParameterInformationSettings {
                                        label_offset_support: Some(
                                            true,
                                        ),
                                    },
                                ),
                                active_parameter_support: Some(
                                    true,
                                ),
                            },
                        ),
                        context_support: Some(
                            true,
                        ),
                    },
                ),
                references: Some(
                    DynamicRegistrationClientCapabilities {
                        dynamic_registration: Some(
                            true,
                        ),
                    },
                ),
                document_highlight: Some(
                    DynamicRegistrationClientCapabilities {
                        dynamic_registration: Some(
                            true,
                        ),
                    },
                ),
                document_symbol: Some(
                    DocumentSymbolClientCapabilities {
                        dynamic_registration: Some(
                            true,
                        ),
                        symbol_kind: Some(
                            SymbolKindCapability {
                                value_set: Some(
                                    [
                                        File,
                                        Module,
                                        Namespace,
                                        Package,
                                        Class,
                                        Method,
                                        Property,
                                        Field,
                                        Constructor,
                                        Enum,
                                        Interface,
                                        Function,
                                        Variable,
                                        Constant,
                                        String,
                                        Number,
                                        Boolean,
                                        Array,
                                        Object,
                                        Key,
                                        Null,
                                        EnumMember,
                                        Struct,
                                        Event,
                                        Operator,
                                        TypeParameter,
                                    ],
                                ),
                            },
                        ),
                        hierarchical_document_symbol_support: Some(
                            true,
                        ),
                        tag_support: Some(
                            TagSupport {
                                value_set: [
                                    Deprecated,
                                ],
                            },
                        ),
                        label_support: Some(
                            true,
                        ),
                    },
                ),
                formatting: Some(
                    DynamicRegistrationClientCapabilities {
                        dynamic_registration: Some(
                            true,
                        ),
                    },
                ),
                range_formatting: Some(
                    DynamicRegistrationClientCapabilities {
                        dynamic_registration: Some(
                            true,
                        ),
                    },
                ),
                on_type_formatting: Some(
                    DynamicRegistrationClientCapabilities {
                        dynamic_registration: Some(
                            true,
                        ),
                    },
                ),
                declaration: Some(
                    GotoCapability {
                        dynamic_registration: Some(
                            true,
                        ),
                        link_support: Some(
                            true,
                        ),
                    },
                ),
                definition: Some(
                    GotoCapability {
                        dynamic_registration: Some(
                            true,
                        ),
                        link_support: Some(
                            true,
                        ),
                    },
                ),
                type_definition: Some(
                    GotoCapability {
                        dynamic_registration: Some(
                            true,
                        ),
                        link_support: Some(
                            true,
                        ),
                    },
                ),
                implementation: Some(
                    GotoCapability {
                        dynamic_registration: Some(
                            true,
                        ),
                        link_support: Some(
                            true,
                        ),
                    },
                ),
                code_action: Some(
                    CodeActionClientCapabilities {
                        dynamic_registration: Some(
                            true,
                        ),
                        code_action_literal_support: Some(
                            CodeActionLiteralSupport {
                                code_action_kind: CodeActionKindLiteralSupport {
                                    value_set: [
                                        "",
                                        "quickfix",
                                        "refactor",
                                        "refactor.extract",
                                        "refactor.inline",
                                        "refactor.rewrite",
                                        "source",
                                        "source.organizeImports",
                                    ],
                                },
                            },
                        ),
                        is_preferred_support: Some(
                            true,
                        ),
                        disabled_support: Some(
                            true,
                        ),
                        data_support: Some(
                            true,
                        ),
                        resolve_support: Some(
                            CodeActionCapabilityResolveSupport {
                                properties: [
                                    "edit",
                                ],
                            },
                        ),
                        honors_change_annotations: Some(
                            true,
                        ),
                    },
                ),
                code_lens: Some(
                    DynamicRegistrationClientCapabilities {
                        dynamic_registration: Some(
                            true,
                        ),
                    },
                ),
                document_link: Some(
                    DocumentLinkClientCapabilities {
                        dynamic_registration: Some(
                            true,
                        ),
                        tooltip_support: Some(
                            true,
                        ),
                    },
                ),
                color_provider: Some(
                    DynamicRegistrationClientCapabilities {
                        dynamic_registration: Some(
                            true,
                        ),
                    },
                ),
                rename: Some(
                    RenameClientCapabilities {
                        dynamic_registration: Some(
                            true,
                        ),
                        prepare_support: Some(
                            true,
                        ),
                        prepare_support_default_behavior: Some(
                            Identifier,
                        ),
                        honors_change_annotations: Some(
                            true,
                        ),
                    },
                ),
                publish_diagnostics: Some(
                    PublishDiagnosticsClientCapabilities {
                        related_information: Some(
                            true,
                        ),
                        tag_support: Some(
                            TagSupport {
                                value_set: [
                                    Unnecessary,
                                    Deprecated,
                                ],
                            },
                        ),
                        version_support: Some(
                            false,
                        ),
                        code_description_support: Some(
                            true,
                        ),
                        data_support: Some(
                            true,
                        ),
                    },
                ),
                folding_range: Some(
                    FoldingRangeClientCapabilities {
                        dynamic_registration: Some(
                            true,
                        ),
                        range_limit: Some(
                            5000,
                        ),
                        line_folding_only: Some(
                            true,
                        ),
                        folding_range_kind: Some(
                            FoldingRangeKindCapability {
                                value_set: Some(
                                    [
                                        Comment,
                                        Imports,
                                        Region,
                                    ],
                                ),
                            },
                        ),
                        folding_range: Some(
                            FoldingRangeCapability {
                                collapsed_text: Some(
                                    false,
                                ),
                            },
                        ),
                    },
                ),
                selection_range: Some(
                    SelectionRangeClientCapabilities {
                        dynamic_registration: Some(
                            true,
                        ),
                    },
                ),
                linked_editing_range: Some(
                    DynamicRegistrationClientCapabilities {
                        dynamic_registration: Some(
                            true,
                        ),
                    },
                ),
                call_hierarchy: Some(
                    DynamicRegistrationClientCapabilities {
                        dynamic_registration: Some(
                            true,
                        ),
                    },
                ),
                semantic_tokens: Some(
                    SemanticTokensClientCapabilities {
                        dynamic_registration: Some(
                            true,
                        ),
                        requests: SemanticTokensClientCapabilitiesRequests {
                            range: Some(
                                true,
                            ),
                            full: Some(
                                Delta {
                                    delta: Some(
                                        true,
                                    ),
                                },
                            ),
                        },
                        token_types: [
                            SemanticTokenType(
                                "namespace",
                            ),
                            SemanticTokenType(
                                "type",
                            ),
                            SemanticTokenType(
                                "class",
                            ),
                            SemanticTokenType(
                                "enum",
                            ),
                            SemanticTokenType(
                                "interface",
                            ),
                            SemanticTokenType(
                                "struct",
                            ),
                            SemanticTokenType(
                                "typeParameter",
                            ),
                            SemanticTokenType(
                                "parameter",
                            ),
                            SemanticTokenType(
                                "variable",
                            ),
                            SemanticTokenType(
                                "property",
                            ),
                            SemanticTokenType(
                                "enumMember",
                            ),
                            SemanticTokenType(
                                "event",
                            ),
                            SemanticTokenType(
                                "function",
                            ),
                            SemanticTokenType(
                                "method",
                            ),
                            SemanticTokenType(
                                "macro",
                            ),
                            SemanticTokenType(
                                "keyword",
                            ),
                            SemanticTokenType(
                                "modifier",
                            ),
                            SemanticTokenType(
                                "comment",
                            ),
                            SemanticTokenType(
                                "string",
                            ),
                            SemanticTokenType(
                                "number",
                            ),
                            SemanticTokenType(
                                "regexp",
                            ),
                            SemanticTokenType(
                                "operator",
                            ),
                            SemanticTokenType(
                                "decorator",
                            ),
                        ],
                        token_modifiers: [
                            SemanticTokenModifier(
                                "declaration",
                            ),
                            SemanticTokenModifier(
                                "definition",
                            ),
                            SemanticTokenModifier(
                                "readonly",
                            ),
                            SemanticTokenModifier(
                                "static",
                            ),
                            SemanticTokenModifier(
                                "deprecated",
                            ),
                            SemanticTokenModifier(
                                "abstract",
                            ),
                            SemanticTokenModifier(
                                "async",
                            ),
                            SemanticTokenModifier(
                                "modification",
                            ),
                            SemanticTokenModifier(
                                "documentation",
                            ),
                            SemanticTokenModifier(
                                "defaultLibrary",
                            ),
                        ],
                        formats: [
                            TokenFormat(
                                "relative",
                            ),
                        ],
                        overlapping_token_support: Some(
                            false,
                        ),
                        multiline_token_support: Some(
                            false,
                        ),
                        server_cancel_support: Some(
                            true,
                        ),
                        augments_syntax_tokens: Some(
                            true,
                        ),
                    },
                ),
                moniker: None,
                type_hierarchy: Some(
                    DynamicRegistrationClientCapabilities {
                        dynamic_registration: Some(
                            true,
                        ),
                    },
                ),
                inline_value: Some(
                    DynamicRegistrationClientCapabilities {
                        dynamic_registration: Some(
                            true,
                        ),
                    },
                ),
                inlay_hint: Some(
                    InlayHintClientCapabilities {
                        dynamic_registration: Some(
                            true,
                        ),
                        resolve_support: Some(
                            InlayHintResolveClientCapabilities {
                                properties: [
                                    "tooltip",
                                    "textEdits",
                                    "label.tooltip",
                                    "label.location",
                                    "label.command",
                                ],
                            },
                        ),
                    },
                ),
                diagnostic: Some(
                    DiagnosticClientCapabilities {
                        dynamic_registration: Some(
                            true,
                        ),
                        related_document_support: Some(
                            false,
                        ),
                        related_information: None,
                        tag_support: None,
                        code_description_support: None,
                        data_support: None,
                    },
                ),
                inline_completion: None,
            },
        ),
        notebook_document: Some(
            NotebookDocumentClientCapabilities {
                synchronization: NotebookDocumentSyncClientCapabilities {
                    dynamic_registration: Some(
                        true,
                    ),
                    execution_summary_report: None,
                },
            },
        ),
        window: Some(
            WindowClientCapabilities {
                work_done_progress: Some(
                    true,
                ),
                show_message: Some(
                    ShowMessageRequestClientCapabilities {
                        message_action_item: Some(
                            MessageActionItemCapabilities {
                                additional_properties_support: Some(
                                    true,
                                ),
                            },
                        ),
                    },
                ),
                show_document: Some(
                    ShowDocumentClientCapabilities {
                        support: true,
                    },
                ),
            },
        ),
        general: Some(
            GeneralClientCapabilities {
                regular_expressions: Some(
                    RegularExpressionsClientCapabilities {
                        engine: "ECMAScript",
                        version: Some(
                            "ES2020",
                        ),
                    },
                ),
                markdown: Some(
                    MarkdownClientCapabilities {
                        parser: "marked",
                        version: Some(
                            "1.1.0",
                        ),
                        allowed_tags: None,
                    },
                ),
                stale_request_support: Some(
                    StaleRequestSupportClientCapabilities {
                        cancel: true,
                        retry_on_content_modified: [
                            "textDocument/semanticTokens/full",
                            "textDocument/semanticTokens/range",
                            "textDocument/semanticTokens/full/delta",
                        ],
                    },
                ),
                position_encodings: Some(
                    [
                        PositionEncodingKind(
                            "utf-16",
                        ),
                    ],
                ),
            },
        ),
        offset_encoding: None,
        experimental: None,
    },
    trace: Some(
        Off,
    ),
    workspace_folders: Some(
        [
            WorkspaceFolder {
                uri: Uri(
                    Uri {
                        scheme: "file",
                        authority: Some(
                            Authority {
                                userinfo: None,
                                host: "",
                                host_parsed: RegName(
                                    "",
                                ),
                                port: None,
                            },
                        ),
                        path: "/home/_/projects/gamesteam",
                        query: None,
                        fragment: None,
                    },
                ),
                name: "gamesteam",
            },
        ],
    ),
    client_info: Some(
        ClientInfo {
            name: "Visual Studio Code",
            version: Some(
                "1.114.0",
            ),
        },
    ),
    locale: Some(
        "en",
    ),
    work_done_progress_params: WorkDoneProgressParams {
        work_done_token: None,
    },
}
2026-07-19T18:42:07.451720Z DEBUG main bacon_ls::lsp: src/lsp.rs:25: Found project root: None
2026-07-19T18:42:07.451763Z  INFO main bacon_ls::lsp: src/lsp.rs:32: client supports diagnostics
2026-07-19T18:42:07.451769Z  INFO main bacon_ls::lsp: src/lsp.rs:51: client supports diagnostics data
2026-07-19T18:42:07.451773Z  INFO main bacon_ls::lsp: src/lsp.rs:57: client supports related information
2026-07-19T18:42:07.552450Z DEBUG main bacon_ls: src/lib.rs:653: pull_configuration
2026-07-19T18:42:07.563490Z  INFO main bacon_ls::lsp: src/lsp.rs:208: client sent didChangeConfiguration
2026-07-19T18:42:07.563516Z DEBUG main bacon_ls::lsp: src/lsp.rs:213: using client provided settings
2026-07-19T18:42:07.563522Z  INFO main bacon_ls: src/lib.rs:694: backend detected backend=Cargo
2026-07-19T18:42:07.563535Z ERROR main bacon_ls: src/lib.rs:799: invalid cargo configuration: Invalid params: Invalid params
2026-07-19T18:42:07.563547Z  WARN main bacon_ls: src/lib.rs:879: no Cargo project root detected; falling back to current working directory: /home/_/projects/gamesteam
2026-07-19T18:42:07.563554Z  INFO main bacon_ls: src/lib.rs:898: cargo backend initialized build_folder="/home/_/projects/gamesteam"
2026-07-19T18:42:07.687880Z ERROR main bacon_ls: src/lib.rs:847: invalid cargo configuration: Invalid params: Invalid params
2026-07-19T18:42:07.687907Z DEBUG main bacon_ls: src/lib.rs:855: cargo configuration updated
2026-07-19T18:42:07.687914Z  INFO main bacon_ls::lsp: src/lsp.rs:191: bacon-ls v0.29.0 lsp server initialized with backend: Cargo
2026-07-19T18:42:07.687932Z  INFO main bacon_ls::lsp: src/lsp.rs:199: initialized complete
2026-07-19T18:42:07.687936Z  INFO main bacon_ls::lsp: src/lsp.rs:202: triggering initial cargo diagnostics
2026-07-19T18:42:07.687940Z  INFO main bacon_ls: src/lib.rs:934: starting cargo diagnostics run live=false
2026-07-19T18:42:07.687962Z  INFO main bacon_ls::native: src/native.rs:416: running cargo check --message-format=json-diagnostic-rendered-ansi cwd="/home/_/projects/gamesteam"
2026-07-19T18:42:07.717531Z  INFO main bacon_ls::native: src/native.rs:516: cargo finished with status exit status: 101
2026-07-19T18:42:07.717575Z ERROR main bacon_ls: src/lib.rs:1133: error building diagnostics error=cargo exited with exit status: 101: could not find `Cargo.toml` in `/home/_/projects/gamesteam` or any parent directory
2026-07-19T18:42:42.408519Z  INFO main bacon_ls: src/lib.rs:934: starting cargo diagnostics run live=false
2026-07-19T18:42:42.408587Z  INFO main bacon_ls::native: src/native.rs:416: running cargo check --message-format=json-diagnostic-rendered-ansi cwd="/home/_/projects/gamesteam"
2026-07-19T18:42:42.433456Z  INFO main bacon_ls::native: src/native.rs:516: cargo finished with status exit status: 101
2026-07-19T18:42:42.433501Z ERROR main bacon_ls: src/lib.rs:1133: error building diagnostics error=cargo exited with exit status: 101: could not find `Cargo.toml` in `/home/_/projects/gamesteam` or any parent directory
2026-07-19T18:42:42.760214Z DEBUG main bacon_ls::lsp: src/lsp.rs:266: client sent didSave request
2026-07-19T18:42:42.760249Z  INFO main bacon_ls: src/lib.rs:934: starting cargo diagnostics run live=false
2026-07-19T18:42:42.760295Z  INFO main bacon_ls::native: src/native.rs:416: running cargo check --message-format=json-diagnostic-rendered-ansi cwd="/home/_/projects/gamesteam"
2026-07-19T18:42:42.760941Z DEBUG main bacon_ls::lsp: src/lsp.rs:266: client sent didSave request
2026-07-19T18:42:42.760974Z  INFO main bacon_ls: src/lib.rs:934: starting cargo diagnostics run live=false
2026-07-19T18:42:42.761042Z  INFO main bacon_ls::native: src/native.rs:416: running cargo check --message-format=json-diagnostic-rendered-ansi cwd="/home/_/projects/gamesteam"
2026-07-19T18:42:42.761648Z DEBUG main bacon_ls::lsp: src/lsp.rs:266: client sent didSave request
2026-07-19T18:42:42.761672Z  INFO main bacon_ls: src/lib.rs:934: starting cargo diagnostics run live=false
2026-07-19T18:42:42.762180Z  INFO main bacon_ls: src/lib.rs:1123: cargo run cancelled by newer request
2026-07-19T18:42:42.762239Z  INFO main bacon_ls: src/lib.rs:1123: cargo run cancelled by newer request
2026-07-19T18:42:42.762250Z DEBUG main bacon_ls::lsp: src/lsp.rs:266: client sent didSave request
2026-07-19T18:42:42.762254Z  INFO main bacon_ls: src/lib.rs:934: starting cargo diagnostics run live=false
2026-07-19T18:42:42.762297Z  INFO main bacon_ls::native: src/native.rs:416: running cargo check --message-format=json-diagnostic-rendered-ansi cwd="/home/_/projects/gamesteam"
2026-07-19T18:42:42.762856Z  INFO main bacon_ls: src/lib.rs:1123: cargo run cancelled by newer request
2026-07-19T18:42:42.762912Z  INFO main bacon_ls::native: src/native.rs:416: running cargo check --message-format=json-diagnostic-rendered-ansi cwd="/home/_/projects/gamesteam"
2026-07-19T18:42:42.763392Z DEBUG main bacon_ls::lsp: src/lsp.rs:266: client sent didSave request
2026-07-19T18:42:42.763408Z  INFO main bacon_ls: src/lib.rs:934: starting cargo diagnostics run live=false
2026-07-19T18:42:42.763495Z  INFO main bacon_ls: src/lib.rs:1123: cargo run cancelled by newer request
2026-07-19T18:42:42.763512Z DEBUG main bacon_ls::lsp: src/lsp.rs:266: client sent didSave request
2026-07-19T18:42:42.763518Z  INFO main bacon_ls: src/lib.rs:934: starting cargo diagnostics run live=false
2026-07-19T18:42:42.763557Z  INFO main bacon_ls: src/lib.rs:1123: cargo run cancelled by newer request
2026-07-19T18:42:42.763580Z  INFO main bacon_ls::native: src/native.rs:416: running cargo check --message-format=json-diagnostic-rendered-ansi cwd="/home/_/projects/gamesteam"
2026-07-19T18:42:42.792107Z  INFO main bacon_ls::native: src/native.rs:516: cargo finished with status exit status: 101
2026-07-19T18:42:42.792175Z ERROR main bacon_ls: src/lib.rs:1133: error building diagnostics error=cargo exited with exit status: 101: could not find `Cargo.toml` in `/home/_/projects/gamesteam` or any parent directory
2026-07-19T18:42:48.207414Z  INFO main bacon_ls: src/lib.rs:934: starting cargo diagnostics run live=false
2026-07-19T18:42:48.207550Z  INFO main bacon_ls::native: src/native.rs:416: running cargo check --message-format=json-diagnostic-rendered-ansi cwd="/home/_/projects/gamesteam"
2026-07-19T18:42:48.230749Z  INFO main bacon_ls::native: src/native.rs:516: cargo finished with status exit status: 101
2026-07-19T18:42:48.230791Z ERROR main bacon_ls: src/lib.rs:1133: error building diagnostics error=cargo exited with exit status: 101: could not find `Cargo.toml` in `/home/_/projects/gamesteam` or any parent directory
2026-07-19T18:44:00.178841Z  INFO main bacon_ls: src/lib.rs:934: starting cargo diagnostics run live=false
2026-07-19T18:44:00.178907Z  INFO main bacon_ls::native: src/native.rs:416: running cargo check --message-format=json-diagnostic-rendered-ansi cwd="/home/_/projects/gamesteam"
2026-07-19T18:44:00.207968Z  INFO main bacon_ls::native: src/native.rs:516: cargo finished with status exit status: 101
2026-07-19T18:44:00.208216Z ERROR main bacon_ls: src/lib.rs:1133: error building diagnostics error=cargo exited with exit status: 101: could not find `Cargo.toml` in `/home/_/projects/gamesteam` or any parent directory
2026-07-19T18:44:00.220329Z DEBUG main bacon_ls::lsp: src/lsp.rs:266: client sent didSave request
2026-07-19T18:44:00.220482Z  INFO main bacon_ls: src/lib.rs:934: starting cargo diagnostics run live=false
2026-07-19T18:44:00.220634Z  INFO main bacon_ls::native: src/native.rs:416: running cargo check --message-format=json-diagnostic-rendered-ansi cwd="/home/_/projects/gamesteam"
2026-07-19T18:44:00.235752Z DEBUG main bacon_ls::lsp: src/lsp.rs:266: client sent didSave request
2026-07-19T18:44:00.235884Z  INFO main bacon_ls: src/lib.rs:934: starting cargo diagnostics run live=false
2026-07-19T18:44:00.235927Z  INFO main bacon_ls::native: src/native.rs:416: running cargo check --message-format=json-diagnostic-rendered-ansi cwd="/home/_/projects/gamesteam"
2026-07-19T18:44:00.237045Z  INFO main bacon_ls: src/lib.rs:1123: cargo run cancelled by newer request
2026-07-19T18:44:00.275758Z  INFO main bacon_ls::native: src/native.rs:516: cargo finished with status exit status: 101
2026-07-19T18:44:00.276184Z ERROR main bacon_ls: src/lib.rs:1133: error building diagnostics error=cargo exited with exit status: 101: could not find `Cargo.toml` in `/home/_/projects/gamesteam` or any parent directory
2026-07-19T18:44:00.288198Z DEBUG main bacon_ls::lsp: src/lsp.rs:266: client sent didSave request
2026-07-19T18:44:00.288245Z  INFO main bacon_ls: src/lib.rs:934: starting cargo diagnostics run live=false
2026-07-19T18:44:00.288277Z  INFO main bacon_ls::native: src/native.rs:416: running cargo check --message-format=json-diagnostic-rendered-ansi cwd="/home/_/projects/gamesteam"
2026-07-19T18:44:00.312145Z  INFO main bacon_ls::native: src/native.rs:516: cargo finished with status exit status: 101
2026-07-19T18:44:00.312185Z ERROR main bacon_ls: src/lib.rs:1133: error building diagnostics error=cargo exited with exit status: 101: could not find `Cargo.toml` in `/home/_/projects/gamesteam` or any parent directory
